2014/09/05 22:58:50 [error] [php] Use of undefined constant SITE_ROOT - assumed 'SITE_ROOT' (/Users/janice/Projects/php/self-services/admin/inquery/protected/views/layouts/main.php:29)
Stack trace:
#0 /Users/janice/Projects/php/yii/yii/framework/web/widgets/CContentDecorator.php(76): SiteController->renderFile()
#1 /Users/janice/Projects/php/yii/yii/framework/web/widgets/CContentDecorator.php(54): CContentDecorator->decorate()
#2 /Users/janice/Projects/php/yii/yii/framework/web/widgets/COutputProcessor.php(44): CContentDecorator->processOutput()
#3 /Users/janice/Projects/php/yii/yii/framework/web/CBaseController.php(206): CContentDecorator->run()
#4 /Users/janice/Projects/php/yii/yii/framework/web/CBaseController.php(300): SiteController->endWidget()
#5 /Users/janice/Projects/php/self-services/admin/inquery/protected/views/layouts/column1.php(6): SiteController->endContent()
#6 /Users/janice/Projects/php/yii/yii/framework/web/CBaseController.php(126): require()
#7 /Users/janice/Projects/php/yii/yii/framework/web/CBaseController.php(95): SiteController->renderInternal()
#8 /Users/janice/Projects/php/yii/yii/framework/web/CController.php(784): SiteController->renderFile()
#9 /Users/janice/Projects/php/self-services/admin/inquery/protected/controllers/SiteController.php(98): SiteController->render()
#10 /Users/janice/Projects/php/yii/yii/framework/web/actions/CInlineAction.php(49): SiteController->actionLogin()
#11 /Users/janice/Projects/php/yii/yii/framework/web/CController.php(308): CInlineAction->runWithParams()
#12 /Users/janice/Projects/php/yii/yii/framework/web/CController.php(286): SiteController->runAction()
#13 /Users/janice/Projects/php/yii/yii/framework/web/CController.php(265): SiteController->runActionWithFilters()
#14 /Users/janice/Projects/php/yii/yii/framework/web/CWebApplication.php(282): SiteController->run()
#15 /Users/janice/Projects/php/yii/yii/framework/web/CWebApplication.php(141): CWebApplication->runController()
#16 /Users/janice/Projects/php/yii/yii/framework/base/CApplication.php(180): CWebApplication->processRequest()
#17 /Users/janice/Projects/php/self-services/admin/inquery/index.php(13): CWebApplication->run()
REQUEST_URI=/self-services/admin/inquery/index.php?r=site/login
in /Users/janice/Projects/php/self-services/admin/inquery/protected/views/layouts/main.php (29)
in /Users/janice/Projects/php/self-services/admin/inquery/protected/views/layouts/column1.php (6)
in /Users/janice/Projects/php/self-services/admin/inquery/protected/controllers/SiteController.php (98)
2014/09/05 23:06:10 [error] [php] Use of undefined constant SITE_ROOT - assumed 'SITE_ROOT' (/Users/janice/Projects/php/self-services/admin/inquery/protected/views/layouts/main.php:92)
Stack trace:
#0 /Users/janice/Projects/php/yii/yii/framework/web/widgets/CContentDecorator.php(76): SiteController->renderFile()
#1 /Users/janice/Projects/php/yii/yii/framework/web/widgets/CContentDecorator.php(54): CContentDecorator->decorate()
#2 /Users/janice/Projects/php/yii/yii/framework/web/widgets/COutputProcessor.php(44): CContentDecorator->processOutput()
#3 /Users/janice/Projects/php/yii/yii/framework/web/CBaseController.php(206): CContentDecorator->run()
#4 /Users/janice/Projects/php/yii/yii/framework/web/CBaseController.php(300): SiteController->endWidget()
#5 /Users/janice/Projects/php/self-services/admin/inquery/protected/views/layouts/column1.php(6): SiteController->endContent()
#6 /Users/janice/Projects/php/yii/yii/framework/web/CBaseController.php(126): require()
#7 /Users/janice/Projects/php/yii/yii/framework/web/CBaseController.php(95): SiteController->renderInternal()
#8 /Users/janice/Projects/php/yii/yii/framework/web/CController.php(784): SiteController->renderFile()
#9 /Users/janice/Projects/php/self-services/admin/inquery/protected/controllers/SiteController.php(98): SiteController->render()
#10 /Users/janice/Projects/php/yii/yii/framework/web/actions/CInlineAction.php(49): SiteController->actionLogin()
#11 /Users/janice/Projects/php/yii/yii/framework/web/CController.php(308): CInlineAction->runWithParams()
#12 /Users/janice/Projects/php/yii/yii/framework/web/CController.php(286): SiteController->runAction()
#13 /Users/janice/Projects/php/yii/yii/framework/web/CController.php(265): SiteController->runActionWithFilters()
#14 /Users/janice/Projects/php/yii/yii/framework/web/CWebApplication.php(282): SiteController->run()
#15 /Users/janice/Projects/php/yii/yii/framework/web/CWebApplication.php(141): CWebApplication->runController()
#16 /Users/janice/Projects/php/yii/yii/framework/base/CApplication.php(180): CWebApplication->processRequest()
#17 /Users/janice/Projects/php/self-services/admin/inquery/index.php(13): CWebApplication->run()
REQUEST_URI=/self-services/admin/inquery/index.php?r=site/login
in /Users/janice/Projects/php/self-services/admin/inquery/protected/views/layouts/main.php (92)
in /Users/janice/Projects/php/self-services/admin/inquery/protected/views/layouts/column1.php (6)
in /Users/janice/Projects/php/self-services/admin/inquery/protected/controllers/SiteController.php (98)
2014/09/05 23:37:42 [error] [system.db.CDbCommand] CDbCommand::fetchColumn() failed: SQLSTATE[HY000]: General error: 1271 Illegal mix of collations for operation 'like'. The SQL statement executed was: SELECT COUNT(*) FROM `students` `t` WHERE (sub_major LIKE :ycp0) AND (start_date LIKE :ycp1).
in /Users/janice/Projects/php/self-services/admin/inquery/protected/views/students/admin.php (61)
in /Users/janice/Projects/php/self-services/admin/inquery/protected/controllers/StudentsController.php (136)
in /Users/janice/Projects/php/self-services/admin/inquery/index.php (13)
2014/09/05 23:37:42 [error] [exception.CDbException] exception 'CDbException' with message 'CDbCommand failed to execute the SQL statement: SQLSTATE[HY000]: General error: 1271 Illegal mix of collations for operation 'like'. The SQL statement executed was: SELECT COUNT(*) FROM `students` `t` WHERE (sub_major LIKE :ycp0) AND (start_date LIKE :ycp1)' in /Users/janice/Projects/php/yii/yii/framework/db/CDbCommand.php:543
Stack trace:
#0 /Users/janice/Projects/php/yii/yii/framework/db/CDbCommand.php(433): CDbCommand->queryInternal('fetchColumn', 0, Array)
#1 /Users/janice/Projects/php/yii/yii/framework/db/ar/CActiveRecord.php(1601): CDbCommand->queryScalar()
#2 /Users/janice/Projects/php/yii/yii/framework/web/CActiveDataProvider.php(228): CActiveRecord->count(Object(CDbCriteria))
#3 /Users/janice/Projects/php/yii/yii/framework/web/CDataProvider.php(224): CActiveDataProvider->calculateTotalItemCount()
#4 /Users/janice/Projects/php/yii/yii/framework/web/CActiveDataProvider.php(178): CDataProvider->getTotalItemCount()
#5 /Users/janice/Projects/php/yii/yii/framework/web/CDataProvider.php(168): CActiveDataProvider->fetchData()
#6 /Users/janice/Projects/php/yii/yii/framework/zii/widgets/CBaseListView.php(111): CDataProvider->getData()
#7 /Users/janice/Projects/php/yii/yii/framework/zii/widgets/grid/CGridView.php(339): CBaseListView->init()
#8 /Users/janice/Projects/php/yii/yii/framework/web/CBaseController.php(147): CGridView->init()
#9 /Users/janice/Projects/php/yii/yii/framework/web/CBaseController.php(172): CBaseController->createWidget('zii.widgets.gri...', Array)
#10 /Users/janice/Projects/php/self-services/admin/inquery/protected/views/students/admin.php(61): CBaseController->widget('zii.widgets.gri...', Array)
#11 /Users/janice/Projects/php/yii/yii/framework/web/CBaseController.php(126): require('/Users/janice/P...')
#12 /Users/janice/Projects/php/yii/yii/framework/web/CBaseController.php(95): CBaseController->renderInternal('/Users/janice/P...', Array, true)
#13 /Users/janice/Projects/php/yii/yii/framework/web/CController.php(869): CBaseController->renderFile('/Users/janice/P...', Array, true)
#14 /Users/janice/Projects/php/yii/yii/framework/web/CController.php(782): CController->renderPartial('admin', Array, true)
#15 /Users/janice/Projects/php/self-services/admin/inquery/protected/controllers/StudentsController.php(136): CController->render('admin', Array)
#16 /Users/janice/Projects/php/yii/yii/framework/web/actions/CInlineAction.php(49): StudentsController->actionAdmin()
#17 /Users/janice/Projects/php/yii/yii/framework/web/CController.php(308): CInlineAction->runWithParams(Array)
#18 /Users/janice/Projects/php/yii/yii/framework/web/filters/CFilterChain.php(133): CController->runAction(Object(CInlineAction))
#19 /Users/janice/Projects/php/yii/yii/framework/web/filters/CFilter.php(40): CFilterChain->run()
#20 /Users/janice/Projects/php/yii/yii/framework/web/CController.php(1145): CFilter->filter(Object(CFilterChain))
#21 /Users/janice/Projects/php/yii/yii/framework/web/filters/CInlineFilter.php(58): CController->filterAccessControl(Object(CFilterChain))
#22 /Users/janice/Projects/php/yii/yii/framework/web/filters/CFilterChain.php(130): CInlineFilter->filter(Object(CFilterChain))
#23 /Users/janice/Projects/php/yii/yii/framework/web/CController.php(291): CFilterChain->run()
#24 /Users/janice/Projects/php/yii/yii/framework/web/CController.php(265): CController->runActionWithFilters(Object(CInlineAction), Array)
#25 /Users/janice/Projects/php/yii/yii/framework/web/CWebApplication.php(282): CController->run('admin')
#26 /Users/janice/Projects/php/yii/yii/framework/web/CWebApplication.php(141): CWebApplication->runController('students/admin')
#27 /Users/janice/Projects/php/yii/yii/framework/base/CApplication.php(180): CWebApplication->processRequest()
#28 /Users/janice/Projects/php/self-services/admin/inquery/index.php(13): CApplication->run()
#29 {main}
REQUEST_URI=/self-services/admin/inquery/index.php?Students%5Bstudent_id%5D=&Students%5Buser_name%5D=&Students%5Bdepartment%5D=&Students%5Bmajor%5D=&Students%5Bsub_major%5D=%E5%B7%A5%E7%A8%8B%E7%9B%91%E6%B5%8B%E6%8A%80%E6%9C%AF&Students%5Bgrade%5D=&Students%5Bclass%5D=&Students%5Bapproved%5D=&Students%5Bnet_id%5D=&Students%5Bnet_pwd%5D=&Students%5Bstart_date%5D=%25%EF%BC%9D2014-08-31&Students%5Bexpire_date%5D=&Students_page=1&ajax=students-grid&r=students%2Fadmin
HTTP_REFERER=http://192.168.22.150:1988/self-services/admin/inquery/index.php?r=students/admin
---
